{
  "stats": {
    "suites": 1,
    "tests": 1,
    "passes": 1,
    "pending": 0,
    "failures": 0,
    "start": "2026-05-15T23:21:32.821Z",
    "end": "2026-05-15T23:21:38.925Z",
    "duration": 6104,
    "testsRegistered": 1,
    "passPercent": 100,
    "pendingPercent": 0,
    "other": 0,
    "hasOther": false,
    "skipped": 0,
    "hasSkipped": false
  },
  "results": [
    {
      "uuid": "7fbdd7ec-57fc-4023-b958-e2833f67c227",
      "title": "",
      "fullFile": "cypress\\e2e\\api\\products.cy.js",
      "file": "cypress\\e2e\\api\\products.cy.js",
      "beforeHooks": [],
      "afterHooks": [],
      "tests": [],
      "suites": [
        {
          "uuid": "77b6f180-0018-4994-8575-e4e06e776b51",
          "title": "Products API",
          "fullFile": "",
          "file": "",
          "beforeHooks": [],
          "afterHooks": [],
          "tests": [
            {
              "title": "should get all products list",
              "fullTitle": "Products API should get all products list",
              "timedOut": null,
              "duration": 6095,
              "state": "passed",
              "speed": "medium",
              "pass": true,
              "fail": false,
              "pending": false,
              "context": null,
              "code": "const ajv = new _ajv.default();\nconst schema = {\n  type: 'object',\n  properties: {\n    products: {\n      type: 'array',\n      items: {\n        type: 'object',\n        properties: {\n          id: {\n            type: 'number'\n          },\n          name: {\n            type: 'string'\n          },\n          price: {\n            type: 'string'\n          },\n          brand: {\n            type: 'string'\n          }\n        },\n        required: ['id', 'name', 'price']\n      }\n    }\n  },\n  required: ['products']\n};\ncy.request({\n  method: 'GET',\n  url: 'https://automationexercise.com/api/productsList'\n}).then(response => {\n  expect(response.status).to.eq(200);\n  const body = JSON.parse(response.body);\n  const validate = ajv.compile(schema);\n  const valid = validate(body);\n  expect(valid).to.be.true;\n  cy.wait(5000);\n});",
              "err": {},
              "uuid": "9e726892-244d-4f55-b212-604faf2c099a",
              "parentUUID": "77b6f180-0018-4994-8575-e4e06e776b51",
              "isHook": false,
              "skipped": false
            }
          ],
          "suites": [],
          "passes": [
            "9e726892-244d-4f55-b212-604faf2c099a"
          ],
          "failures": [],
          "pending": [],
          "skipped": [],
          "duration": 6095,
          "root": false,
          "rootEmpty": false,
          "_timeout": 2000
        }
      ],
      "passes": [],
      "failures": [],
      "pending": [],
      "skipped": [],
      "duration": 0,
      "root": true,
      "rootEmpty": true,
      "_timeout": 2000
    }
  ],
  "meta": {
    "mocha": {
      "version": "7.2.0"
    },
    "mochawesome": {
      "options": {
        "quiet": false,
        "reportFilename": "mochawesome",
        "saveHtml": true,
        "saveJson": true,
        "consoleReporter": "spec",
        "useInlineDiffs": false,
        "code": true
      },
      "version": "7.1.4"
    },
    "marge": {
      "options": {
        "reportDir": "cypress/reports",
        "overwrite": false,
        "html": true,
        "json": true
      },
      "version": "6.3.2"
    }
  }
}